2025-03-07 14:30:13 - ERROR - https://ftp.ncbi.nlm.nih.gov/dbgap/studies/phs000744/phs000744.v5.p2/pheno_variable_summaries/: No data_dict.xml found
2025-03-07 14:30:13 - INFO - Processed PHS ID: phs000744, Data Dict URLs: []
2025-03-07 14:36:32 - INFO - Saved CSV: phs001584.v2.pht009069.v2.eMERGE_III_HRC_Subject.data_dict.csv
2025-03-07 14:36:32 - INFO - Saved CSV: phs001584.v2.pht009070.v2.eMERGE_III_HRC_Sample.data_dict.csv
2025-03-07 14:36:32 - INFO - Saved CSV: phs001584.v2.pht009071.v2.eMERGE_III_HRC_BMI.data_dict.csv
2025-03-07 14:36:32 - INFO - Saved CSV: phs001584.v2.pht009072.v2.eMERGE_III_HRC_CaseControl.data_dict.csv
2025-03-07 14:36:32 - INFO - Saved CSV: phs001584.v2.pht009073.v2.eMERGE_III_HRC_Sample_Attributes.data_dict.csv
2025-03-07 14:36:32 - INFO - Saved CSV: phs001584.v2.pht009216.v2.eMERGE_III_HRC_Pedigree.data_dict.csv
2025-03-07 14:36:32 - INFO - Saved CSV: phs001584.v2.pht010214.v1.eMERGE_III_HRC_Phecode.data_dict.csv
2025-03-07 14:36:33 - INFO - Saved CSV: phs001584.v2.pht010215.v1.eMERGE_III_HRC_Demographics.data_dict.csv
2025-03-07 14:36:33 - INFO - Processed PHS ID: phs001584, Data Dict URLs: ['https://ftp.ncbi.nlm.nih.gov/dbgap/studies/phs001584/phs001584.v2.p2/pheno_variable_summaries/phs001584.v2.pht009069.v2.eMERGE_III_HRC_Subject.data_dict.xml', 'https://ftp.ncbi.nlm.nih.gov/dbgap/studies/phs001584/phs001584.v2.p2/pheno_variable_summaries/phs001584.v2.pht009070.v2.eMERGE_III_HRC_Sample.data_dict.xml', 'https://ftp.ncbi.nlm.nih.gov/dbgap/studies/phs001584/phs001584.v2.p2/pheno_variable_summaries/phs001584.v2.pht009071.v2.eMERGE_III_HRC_BMI.data_dict.xml', 'https://ftp.ncbi.nlm.nih.gov/dbgap/studies/phs001584/phs001584.v2.p2/pheno_variable_summaries/phs001584.v2.pht009072.v2.eMERGE_III_HRC_CaseControl.data_dict.xml', 'https://ftp.ncbi.nlm.nih.gov/dbgap/studies/phs001584/phs001584.v2.p2/pheno_variable_summaries/phs001584.v2.pht009073.v2.eMERGE_III_HRC_Sample_Attributes.data_dict.xml', 'https://ftp.ncbi.nlm.nih.gov/dbgap/studies/phs001584/phs001584.v2.p2/pheno_variable_summaries/phs001584.v2.pht009216.v2.eMERGE_III_HRC_Pedigree.data_dict.xml', 'https://ftp.ncbi.nlm.nih.gov/dbgap/studies/phs001584/phs001584.v2.p2/pheno_variable_summaries/phs001584.v2.pht010214.v1.eMERGE_III_HRC_Phecode.data_dict.xml', 'https://ftp.ncbi.nlm.nih.gov/dbgap/studies/phs001584/phs001584.v2.p2/pheno_variable_summaries/phs001584.v2.pht010215.v1.eMERGE_III_HRC_Demographics.data_dict.xml']
2025-04-02 10:05:12 - INFO - Saved CSV: phs001584.v2.pht009069.v2.eMERGE_III_HRC_Subject.data_dict.csv
2025-04-02 10:05:12 - INFO - Saved CSV: phs001584.v2.pht009070.v2.eMERGE_III_HRC_Sample.data_dict.csv
2025-04-02 10:05:12 - INFO - Saved CSV: phs001584.v2.pht009071.v2.eMERGE_III_HRC_BMI.data_dict.csv
2025-04-02 10:05:12 - INFO - Saved CSV: phs001584.v2.pht009072.v2.eMERGE_III_HRC_CaseControl.data_dict.csv
2025-04-02 10:05:13 - INFO - Saved CSV: phs001584.v2.pht009073.v2.eMERGE_III_HRC_Sample_Attributes.data_dict.csv
2025-04-02 10:05:13 - INFO - Saved CSV: phs001584.v2.pht009216.v2.eMERGE_III_HRC_Pedigree.data_dict.csv
2025-04-02 10:05:13 - INFO - Saved CSV: phs001584.v2.pht010214.v1.eMERGE_III_HRC_Phecode.data_dict.csv
2025-04-02 10:05:13 - INFO - Saved CSV: phs001584.v2.pht010215.v1.eMERGE_III_HRC_Demographics.data_dict.csv
2025-04-02 10:05:13 - INFO - Processed PHS ID: phs001584, Data Dict URLs: ['https://ftp.ncbi.nlm.nih.gov/dbgap/studies/phs001584/phs001584.v2.p2/pheno_variable_summaries/phs001584.v2.pht009069.v2.eMERGE_III_HRC_Subject.data_dict.xml', 'https://ftp.ncbi.nlm.nih.gov/dbgap/studies/phs001584/phs001584.v2.p2/pheno_variable_summaries/phs001584.v2.pht009070.v2.eMERGE_III_HRC_Sample.data_dict.xml', 'https://ftp.ncbi.nlm.nih.gov/dbgap/studies/phs001584/phs001584.v2.p2/pheno_variable_summaries/phs001584.v2.pht009071.v2.eMERGE_III_HRC_BMI.data_dict.xml', 'https://ftp.ncbi.nlm.nih.gov/dbgap/studies/phs001584/phs001584.v2.p2/pheno_variable_summaries/phs001584.v2.pht009072.v2.eMERGE_III_HRC_CaseControl.data_dict.xml', 'https://ftp.ncbi.nlm.nih.gov/dbgap/studies/phs001584/phs001584.v2.p2/pheno_variable_summaries/phs001584.v2.pht009073.v2.eMERGE_III_HRC_Sample_Attributes.data_dict.xml', 'https://ftp.ncbi.nlm.nih.gov/dbgap/studies/phs001584/phs001584.v2.p2/pheno_variable_summaries/phs001584.v2.pht009216.v2.eMERGE_III_HRC_Pedigree.data_dict.xml', 'https://ftp.ncbi.nlm.nih.gov/dbgap/studies/phs001584/phs001584.v2.p2/pheno_variable_summaries/phs001584.v2.pht010214.v1.eMERGE_III_HRC_Phecode.data_dict.xml', 'https://ftp.ncbi.nlm.nih.gov/dbgap/studies/phs001584/phs001584.v2.p2/pheno_variable_summaries/phs001584.v2.pht010215.v1.eMERGE_III_HRC_Demographics.data_dict.xml']
2025-04-02 15:41:56 - ERROR - https://ftp.ncbi.nlm.nih.gov/dbgap/studies/phs000744/phs000744.v5.p2/pheno_variable_summaries/: No data_dict.xml found
2025-04-02 15:41:56 - INFO - Processed PHS ID: phs000744, Data Dict URLs: []
2025-04-09 17:58:12 - INFO - Saved CSV: dbgap_csvs/phs002812.v2.pht011923.v1.SLE_MuxSeq_Subject.data_dict.csv
2025-04-09 17:58:13 - INFO - Saved CSV: dbgap_csvs/phs002812.v2.pht011924.v1.SLE_MuxSeq_Sample.data_dict.csv
2025-04-09 17:58:13 - INFO - Saved CSV: dbgap_csvs/phs002812.v2.pht011925.v1.SLE_MuxSeq_Subject_Phenotypes.data_dict.csv
2025-04-09 17:58:13 - INFO - Saved CSV: dbgap_csvs/phs002812.v2.pht011926.v1.SLE_MuxSeq_Sample_Attributes.data_dict.csv
2025-04-09 17:58:13 - INFO - Renamed output folder to: phs002812.v2.pht011923.v1.SLE_MuxSeq_Subject
2025-04-09 17:58:13 - INFO - Processed PHS ID: phs002812, Data Dict URLs: ['https://ftp.ncbi.nlm.nih.gov/dbgap/studies/phs002812/phs002812.v2.p1/pheno_variable_summaries/phs002812.v2.pht011923.v1.SLE_MuxSeq_Subject.data_dict.xml', 'https://ftp.ncbi.nlm.nih.gov/dbgap/studies/phs002812/phs002812.v2.p1/pheno_variable_summaries/phs002812.v2.pht011924.v1.SLE_MuxSeq_Sample.data_dict.xml', 'https://ftp.ncbi.nlm.nih.gov/dbgap/studies/phs002812/phs002812.v2.p1/pheno_variable_summaries/phs002812.v2.pht011925.v1.SLE_MuxSeq_Subject_Phenotypes.data_dict.xml', 'https://ftp.ncbi.nlm.nih.gov/dbgap/studies/phs002812/phs002812.v2.p1/pheno_variable_summaries/phs002812.v2.pht011926.v1.SLE_MuxSeq_Sample_Attributes.data_dict.xml']
2025-04-09 17:58:13 - INFO - Saved CSV: dbgap_csvs/phs003884.v1.pht015489.v1.JDM_Subject.data_dict.csv
2025-04-09 17:58:13 - INFO - Saved CSV: dbgap_csvs/phs003884.v1.pht015490.v1.JDM_Sample.data_dict.csv
2025-04-09 17:58:13 - INFO - Saved CSV: dbgap_csvs/phs003884.v1.pht015491.v1.JDM_Subject_Phenotypes.data_dict.csv
2025-04-09 17:58:14 - INFO - Saved CSV: dbgap_csvs/phs003884.v1.pht015492.v1.JDM_Sample_Attributes.data_dict.csv
2025-04-09 17:58:14 - INFO - Renamed output folder to: phs003884.v1.pht015489.v1.JDM_Subject
2025-04-09 17:58:14 - INFO - Processed PHS ID: phs003884, Data Dict URLs: ['https://ftp.ncbi.nlm.nih.gov/dbgap/studies/phs003884/phs003884.v1.p1/pheno_variable_summaries/phs003884.v1.pht015489.v1.JDM_Subject.data_dict.xml', 'https://ftp.ncbi.nlm.nih.gov/dbgap/studies/phs003884/phs003884.v1.p1/pheno_variable_summaries/phs003884.v1.pht015490.v1.JDM_Sample.data_dict.xml', 'https://ftp.ncbi.nlm.nih.gov/dbgap/studies/phs003884/phs003884.v1.p1/pheno_variable_summaries/phs003884.v1.pht015491.v1.JDM_Subject_Phenotypes.data_dict.xml', 'https://ftp.ncbi.nlm.nih.gov/dbgap/studies/phs003884/phs003884.v1.p1/pheno_variable_summaries/phs003884.v1.pht015492.v1.JDM_Sample_Attributes.data_dict.xml']
2025-04-09 17:58:14 - INFO - Saved CSV: dbgap_csvs/phs003747.v1.pht015704.v1.JHS_Imaging_Subject.data_dict.csv
2025-04-09 17:58:14 - INFO - Saved CSV: dbgap_csvs/phs003747.v1.pht015705.v1.JHS_Imaging_Sample.data_dict.csv
2025-04-09 17:58:14 - INFO - Renamed output folder to: phs003747.v1.pht015704.v1.JHS_Imaging_Subject
2025-04-09 17:58:14 - INFO - Processed PHS ID: phs003747, Data Dict URLs: ['https://ftp.ncbi.nlm.nih.gov/dbgap/studies/phs003747/phs003747.v1.p1/pheno_variable_summaries/phs003747.v1.pht015704.v1.JHS_Imaging_Subject.data_dict.xml', 'https://ftp.ncbi.nlm.nih.gov/dbgap/studies/phs003747/phs003747.v1.p1/pheno_variable_summaries/phs003747.v1.pht015705.v1.JHS_Imaging_Sample.data_dict.xml']
2025-04-09 17:58:15 - INFO - Saved CSV: dbgap_csvs/phs003958.v1.pht015618.v1.GM21886_HMW_Subject.data_dict.csv
2025-04-09 17:58:15 - INFO - Saved CSV: dbgap_csvs/phs003958.v1.pht015619.v1.GM21886_HMW_Sample.data_dict.csv
2025-04-09 17:58:15 - INFO - Saved CSV: dbgap_csvs/phs003958.v1.pht015620.v1.GM21886_HMW_Sample_Attributes.data_dict.csv
2025-04-09 17:58:15 - INFO - Renamed output folder to: phs003958.v1.pht015618.v1.GM21886_HMW_Subject
2025-04-09 17:58:15 - INFO - Processed PHS ID: phs003958, Data Dict URLs: ['https://ftp.ncbi.nlm.nih.gov/dbgap/studies/phs003958/phs003958.v1.p1/pheno_variable_summaries/phs003958.v1.pht015618.v1.GM21886_HMW_Subject.data_dict.xml', 'https://ftp.ncbi.nlm.nih.gov/dbgap/studies/phs003958/phs003958.v1.p1/pheno_variable_summaries/phs003958.v1.pht015619.v1.GM21886_HMW_Sample.data_dict.xml', 'https://ftp.ncbi.nlm.nih.gov/dbgap/studies/phs003958/phs003958.v1.p1/pheno_variable_summaries/phs003958.v1.pht015620.v1.GM21886_HMW_Sample_Attributes.data_dict.xml']
